<?xml version="1.0" encoding="UTF-8"?>
<!-- Generated by org.testng.reporters.JUnitXMLReporter -->
<testsuite ignored="0" hostname="LAPTOP-V1VAL2QI" failures="1" tests="1" name="Test7" time="0.179" errors="0" timestamp="29 Jan 2021 09:28:14 GMT">
  <testcase classname="TestCases.flightOneway" name="@BeforeTest initialize" time="0.168">
    <skipped/>
  </testcase> <!-- @BeforeTest initialize -->
  <testcase classname="TestCases.flightOneway" name="@AfterTest tearDown" time="0.0">
    <skipped/>
  </testcase> <!-- @AfterTest tearDown -->
  <testcase classname="TestCases.flightOneway" name="FlightOneway" time="0.001">
    <failure type="java.lang.NullPointerException">
      <![CDATA[java.lang.NullPointerException
at pageObjects.LandingPage.alertClick(LandingPage.java:42)
at TestCases.flightOneway.FlightOneway(flightOneway.java:53)
at java.base/java.util.concurrent.ThreadPoolExecutor.runWorker(ThreadPoolExecutor.java:1128)
at java.base/java.util.concurrent.ThreadPoolExecutor$Worker.run(ThreadPoolExecutor.java:628)
at java.base/java.lang.Thread.run(Thread.java:830)
... Removed 10 stack frames]]>
    </failure>
  </testcase> <!-- FlightOneway -->
</testsuite> <!-- Test7 -->
