<?xml version="1.0" encoding="UTF-8"?>
<testng-results ignored="0" total="1" passed="1" failed="0" skipped="0">
  <reporter-output>
  </reporter-output>
  <suite started-at="2021-02-01T08:46:15Z" name="Default suite" finished-at="2021-02-01T08:48:31Z" duration-ms="136495">
    <groups>
    </groups>
    <test started-at="2021-02-01T08:46:15Z" name="Default test" finished-at="2021-02-01T08:48:31Z" duration-ms="136495">
      <class name="TestCases.packageBooking">
        <test-method is-config="true" signature="initialize()[pri:0, instance:TestCases.packageBooking@63376bed]" started-at="2021-02-01T08:46:15Z" name="initialize" finished-at="2021-02-01T08:47:21Z" duration-ms="66001" status="PASS">
          <reporter-output>
          </reporter-output>
        </test-method> <!-- initialize -->
        <test-method signature="packageBook()[pri:0, instance:TestCases.packageBooking@63376bed]" started-at="2021-02-01T08:47:21Z" name="packageBook" finished-at="2021-02-01T08:48:30Z" duration-ms="69561" status="PASS">
          <reporter-output>
          </reporter-output>
        </test-method> <!-- packageBook -->
        <test-method is-config="true" signature="tearDown()[pri:0, instance:TestCases.packageBooking@63376bed]" started-at="2021-02-01T08:48:30Z" name="tearDown" finished-at="2021-02-01T08:48:31Z" duration-ms="869" status="PASS">
          <reporter-output>
          </reporter-output>
        </test-method> <!-- tearDown -->
      </class> <!-- TestCases.packageBooking -->
    </test> <!-- Default test -->
  </suite> <!-- Default suite -->
</testng-results>
